android/app/build/intermediates/manifest_merge_blame_file/debug/manifest-merger-blame-debug-report.txt
1<?xml version="1.0" encoding="utf-8"?>
2<manifest xmlns:android="http://schemas.android.com/apk/res/android"
3    package="com.hardwareaccess"
4    android:versionCode="1"
5    android:versionName="1.0" >
6
7    <uses-sdk
7-->src/main/AndroidManifest.xml:13:5-44
8        android:minSdkVersion="18"
8-->src/main/AndroidManifest.xml:13:15-41
9        android:targetSdkVersion="29" />
10
11    <uses-permission android:name="android.permission.SYSTEM_ALERT_WINDOW" />
11-->src/debug/AndroidManifest.xml:5:5-77
11-->src/debug/AndroidManifest.xml:5:22-75
12    <uses-permission android:name="android.permission.INTERNET" />
12-->src/main/AndroidManifest.xml:4:5-67
12-->src/main/AndroidManifest.xml:4:22-64
13    <uses-permission android:name="android.permission.CAMERA" />
13-->src/main/AndroidManifest.xml:6:5-65
13-->src/main/AndroidManifest.xml:6:22-62
14    <uses-permission android:name="android.permission.BLUETOOTH" />
14-->src/main/AndroidManifest.xml:8:5-67
14-->src/main/AndroidManifest.xml:8:22-65
15    <uses-permission android:name="android.permission.BLUETOOTH_ADMIN" />
15-->src/main/AndroidManifest.xml:9:5-73
15-->src/main/AndroidManifest.xml:9:22-71
16    <uses-permission android:name="android.permission.ACCESS_FINE_LOCATION" />
16-->src/main/AndroidManifest.xml:10:5-78
16-->src/main/AndroidManifest.xml:10:22-76
17    <uses-permission android:name="android.permission.ACCESS_COARSE_LOCATION" />
17-->src/main/AndroidManifest.xml:11:5-80
17-->src/main/AndroidManifest.xml:11:22-78
18
19    <uses-feature
19-->src/main/AndroidManifest.xml:12:5-89
20        android:name="android.hardware.bluetooth_le"
20-->src/main/AndroidManifest.xml:12:19-63
21        android:required="true" />
21-->src/main/AndroidManifest.xml:12:64-87
22
23    <uses-permission android:name="android.permission.ACCESS_WIFI_STATE" />
23-->[com.facebook.flipper:flipper:0.54.0] AndroidManifest.xml:16:5-76
23-->[com.facebook.flipper:flipper:0.54.0] AndroidManifest.xml:16:22-73
24
25    <uses-feature
25-->[:react-native-camera] AndroidManifest.xml:11:5-13:36
26        android:name="android.hardware.camera"
26-->[:react-native-camera] AndroidManifest.xml:12:9-47
27        android:required="false" />
27-->[:react-native-camera] AndroidManifest.xml:13:9-33
28    <uses-feature
28-->[:react-native-camera] AndroidManifest.xml:14:5-16:36
29        android:name="android.hardware.camera.autofocus"
29-->[:react-native-camera] AndroidManifest.xml:15:9-57
30        android:required="false" /> <!-- Include required permissions for Google Maps API to run. -->
30-->[:react-native-camera] AndroidManifest.xml:16:9-33
31    <uses-permission android:name="android.permission.ACCESS_NETWORK_STATE" />
31-->[com.google.android.gms:play-services-maps:17.0.0] AndroidManifest.xml:23:5-79
31-->[com.google.android.gms:play-services-maps:17.0.0] AndroidManifest.xml:23:22-76
32
33    <uses-feature
33-->[com.google.android.gms:play-services-maps:17.0.0] AndroidManifest.xml:26:5-28:35
34        android:glEsVersion="0x00020000"
34-->[com.google.android.gms:play-services-maps:17.0.0] AndroidManifest.xml:27:9-41
35        android:required="true" />
35-->[com.google.android.gms:play-services-maps:17.0.0] AndroidManifest.xml:28:9-32
36
37    <uses-permission-sdk-23 android:name="android.permission.ACCESS_COARSE_LOCATION" />
37-->[com.github.Polidea:MultiPlatformBleAdapter:d2279e0621b285f2d16382af668ae3981abf0639] AndroidManifest.xml:14:5-88
37-->[com.github.Polidea:MultiPlatformBleAdapter:d2279e0621b285f2d16382af668ae3981abf0639] AndroidManifest.xml:14:29-85
38    <uses-permission-sdk-23 android:name="android.permission.ACCESS_FINE_LOCATION" />
38-->[com.polidea.rxandroidble:rxandroidble:1.7.1] AndroidManifest.xml:15:5-86
38-->[com.polidea.rxandroidble:rxandroidble:1.7.1] AndroidManifest.xml:15:29-83
39
40    <application
40-->src/main/AndroidManifest.xml:15:5-38:19
41        android:name="com.hardwareaccess.MainApplication"
41-->src/main/AndroidManifest.xml:16:7-38
42        android:allowBackup="false"
42-->src/main/AndroidManifest.xml:20:7-34
43        android:appComponentFactory="androidx.core.app.CoreComponentFactory"
43-->[androidx.core:core:1.1.0] AndroidManifest.xml:24:18-86
44        android:debuggable="true"
45        android:icon="@mipmap/ic_launcher"
45-->src/main/AndroidManifest.xml:18:7-41
46        android:label="@string/app_name"
46-->src/main/AndroidManifest.xml:17:7-39
47        android:roundIcon="@mipmap/ic_launcher_round"
47-->src/main/AndroidManifest.xml:19:7-52
48        android:theme="@style/AppTheme"
48-->src/main/AndroidManifest.xml:21:7-38
49        android:usesCleartextTraffic="true" >
49-->src/debug/AndroidManifest.xml:7:18-53
50        <activity
50-->src/main/AndroidManifest.xml:22:7-32:18
51            android:name="com.hardwareaccess.MainActivity"
51-->src/main/AndroidManifest.xml:23:9-37
52            android:configChanges="keyboard|keyboardHidden|orientation|screenSize|uiMode"
52-->src/main/AndroidManifest.xml:25:9-86
53            android:label="@string/app_name"
53-->src/main/AndroidManifest.xml:24:9-41
54            android:launchMode="singleTask"
54-->src/main/AndroidManifest.xml:26:9-40
55            android:windowSoftInputMode="adjustResize" >
55-->src/main/AndroidManifest.xml:27:9-51
56            <intent-filter>
56-->src/main/AndroidManifest.xml:28:9-31:25
57                <action android:name="android.intent.action.MAIN" />
57-->src/main/AndroidManifest.xml:29:13-65
57-->src/main/AndroidManifest.xml:29:21-62
58
59                <category android:name="android.intent.category.LAUNCHER" />
59-->src/main/AndroidManifest.xml:30:13-73
59-->src/main/AndroidManifest.xml:30:23-70
60            </intent-filter>
61        </activity>
62        <activity android:name="com.facebook.react.devsupport.DevSettingsActivity" />
62-->src/main/AndroidManifest.xml:33:7-84
62-->src/main/AndroidManifest.xml:33:17-81
63
64        <meta-data
64-->src/main/AndroidManifest.xml:34:7-37:9
65            android:name="com.google.android.geo.API_KEY"
65-->src/main/AndroidManifest.xml:35:9-54
66            android:value="---API_KEY---" /> <!-- Needs to be explicitly declared on P+ -->
66-->src/main/AndroidManifest.xml:36:9-38
67        <uses-library
67-->[com.google.android.gms:play-services-maps:17.0.0] AndroidManifest.xml:33:9-35:40
68            android:name="org.apache.http.legacy"
68-->[com.google.android.gms:play-services-maps:17.0.0] AndroidManifest.xml:34:13-50
69            android:required="false" />
69-->[com.google.android.gms:play-services-maps:17.0.0] AndroidManifest.xml:35:13-37
70
71        <activity
71-->[com.google.android.gms:play-services-base:17.0.0] AndroidManifest.xml:23:9-26:75
72            android:name="com.google.android.gms.common.api.GoogleApiActivity"
72-->[com.google.android.gms:play-services-base:17.0.0] AndroidManifest.xml:24:13-79
73            android:exported="false"
73-->[com.google.android.gms:play-services-base:17.0.0] AndroidManifest.xml:25:13-37
74            android:theme="@android:style/Theme.Translucent.NoTitleBar" />
74-->[com.google.android.gms:play-services-base:17.0.0] AndroidManifest.xml:26:13-72
75
76        <meta-data
76-->[com.google.android.gms:play-services-basement:17.0.0] AndroidManifest.xml:23:9-25:69
77            android:name="com.google.android.gms.version"
77-->[com.google.android.gms:play-services-basement:17.0.0] AndroidManifest.xml:24:13-58
78            android:value="@integer/google_play_services_version" />
78-->[com.google.android.gms:play-services-basement:17.0.0] AndroidManifest.xml:25:13-66
79    </application>
80
81</manifest>